0 info it worked if it ends with ok
1 verbose cli [ '/Users/coder/.nvm/versions/node/v7.7.2/bin/node',
1 verbose cli   '/Users/coder/.nvm/versions/node/v7.7.2/bin/npm',
1 verbose cli   'start' ]
2 info using npm@4.1.2
3 info using node@v7.7.2
4 verbose run-script [ 'prestart', 'start', 'poststart' ]
5 info lifecycle DasConcerto@1.0.0~prestart: DasConcerto@1.0.0
6 silly lifecycle DasConcerto@1.0.0~prestart: no script for prestart, continuing
7 info lifecycle DasConcerto@1.0.0~start: DasConcerto@1.0.0
8 verbose lifecycle DasConcerto@1.0.0~start: unsafe-perm in lifecycle true
9 verbose lifecycle DasConcerto@1.0.0~start: PATH: /Users/coder/.nvm/versions/node/v7.7.2/lib/node_modules/npm/bin/node-gyp-bin:/Users/coder/repos/ad/githubrepos/dasconcerto/DasConcerto/node_modules/.bin:/Users/coder/.fastlane/bin:/Library/Frameworks/Python.framework/Versions/3.5/bin:/Users/coder/repos/flutter/flutter/bin:/Users/coder/.rbenv/shims:/Users/coder/Developer/google-cloud-sdk/google-cloud-sdk/bin:/Users/coder/bin:/Users/coder/.sdkman/candidates/grails/current/bin:/Users/coder/.nvm/versions/node/v7.7.2/bin:/usr/local/narwhal/bin:/usr/local/heroku/bin:/Library/Java/JavaVirtualMachines/jdk1.8.0_131.jdk/Contents/Home/bin:/Users/coder/.rbenv/bin:/usr/local/bin:/Users/coder/bin:/usr/local/php5/bin:/usr/local/bin:/usr/bin:/bin:/usr/sbin:/sbin:/Library/Frameworks/Mono.framework/Versions/Current/Commands:/Applications/Postgres.app/Contents/Versions/latest/bin:/Users/coder/android-installer/adt-bundle-mac-x86_64-20130219/ndk:/Library/Java/JavaVirtualMachines/jdk1.8.0_131.jdk/Contents/Home/bin:/Users/coder/apache-maven-3.2.3/bin:/Users/coder/gradle-2.0/bin:ANT_HOME/bin:TOMCAT_HOME/bin:/usr/local/pgsql/bin:APPENGINE_HOME/bin:GO_APPENGINE_HOME:ACTIVATOR_HOME:/Users/coder/android-sdks/tools:/Users/coder/android-sdks/platform-tools:/Users/coder/gsutil:/bin:/usr/local/mysql/bin:/usr/local/ant-1.6.5/bin:/Users/coder/git-tf:/Users/coder/.rvm/bin:/Users/coder/tools/leJOS_NXJ_0.9.1beta-3/bin:/Users/coder/mysql/mysql-5.6.13-osx10.7-x86_64/bin:/Users/coder/rar:/Users/coder/mongodb/mongodb-osx-x86_64-2.4.8/bin:/Users/coder/playframework/play-2.2.1:/Users/coder/ngrok:/Applications/Postgres.app/Contents/Versions/9.4/bin:/Users/coder/ec2/ec2-api-tools-1.7.5.1/bin:/Users/coder/Android/sdk/platform-tools/:/Users/coder/.composer/vendor/bin
10 verbose lifecycle DasConcerto@1.0.0~start: CWD: /Users/coder/repos/ad/githubrepos/dasconcerto/DasConcerto
11 silly lifecycle DasConcerto@1.0.0~start: Args: [ '-c', 'node .' ]
12 silly lifecycle DasConcerto@1.0.0~start: Returned: code: 1  signal: null
13 info lifecycle DasConcerto@1.0.0~start: Failed to exec start script
14 verbose stack Error: DasConcerto@1.0.0 start: `node .`
14 verbose stack Exit status 1
14 verbose stack     at EventEmitter.<anonymous> (/Users/coder/.nvm/versions/node/v7.7.2/lib/node_modules/npm/lib/utils/lifecycle.js:279:16)
14 verbose stack     at emitTwo (events.js:106:13)
14 verbose stack     at EventEmitter.emit (events.js:194:7)
14 verbose stack     at ChildProcess.<anonymous> (/Users/coder/.nvm/versions/node/v7.7.2/lib/node_modules/npm/lib/utils/spawn.js:40:14)
14 verbose stack     at emitTwo (events.js:106:13)
14 verbose stack     at ChildProcess.emit (events.js:194:7)
14 verbose stack     at maybeClose (internal/child_process.js:899:16)
14 verbose stack     at Process.ChildProcess._handle.onexit (internal/child_process.js:226:5)
15 verbose pkgid DasConcerto@1.0.0
16 verbose cwd /Users/coder/repos/ad/githubrepos/dasconcerto/DasConcerto
17 error Darwin 16.7.0
18 error argv "/Users/coder/.nvm/versions/node/v7.7.2/bin/node" "/Users/coder/.nvm/versions/node/v7.7.2/bin/npm" "start"
19 error node v7.7.2
20 error npm  v4.1.2
21 error code ELIFECYCLE
22 error DasConcerto@1.0.0 start: `node .`
22 error Exit status 1
23 error Failed at the DasConcerto@1.0.0 start script 'node .'.
23 error Make sure you have the latest version of node.js and npm installed.
23 error If you do, this is most likely a problem with the DasConcerto package,
23 error not with npm itself.
23 error Tell the author that this fails on your system:
23 error     node .
23 error You can get information on how to open an issue for this project with:
23 error     npm bugs DasConcerto
23 error Or if that isn't available, you can get their info via:
23 error     npm owner ls DasConcerto
23 error There is likely additional logging output above.
24 verbose exit [ 1, true ]
